{
  "stats": {
    "suites": 0,
    "tests": 2,
    "passes": 1,
    "pending": 0,
    "failures": 1,
    "start": "2022-12-14T14:34:44.099Z",
    "end": "2022-12-14T14:34:50.601Z",
    "duration": 6502,
    "testsRegistered": 2,
    "passPercent": 50,
    "pendingPercent": 0,
    "other": 0,
    "hasOther": false,
    "skipped": 0,
    "hasSkipped": false
  },
  "results": [
    {
      "uuid": "23539f96-f6c4-43f9-93c7-a0a74a2a766e",
      "title": "",
      "fullFile": "cypress\\e2e\\my_first_test.cy.ts",
      "file": "cypress\\e2e\\my_first_test.cy.ts",
      "beforeHooks": [],
      "afterHooks": [],
      "tests": [
        {
          "title": "Linkedin test",
          "fullTitle": "Linkedin test",
          "timedOut": null,
          "duration": 954,
          "state": "passed",
          "speed": "fast",
          "pass": true,
          "fail": false,
          "pending": false,
          "context": null,
          "code": "cy.visit('https://trytestingthis.netlify.app/');",
          "err": {},
          "uuid": "3969916a-17e2-443e-a31b-fa2063c4d9ea",
          "parentUUID": "23539f96-f6c4-43f9-93c7-a0a74a2a766e",
          "isHook": false,
          "skipped": false
        },
        {
          "title": "Login test",
          "fullTitle": "Login test",
          "timedOut": null,
          "duration": 663,
          "state": "failed",
          "speed": null,
          "pass": false,
          "fail": true,
          "pending": false,
          "context": null,
          "code": "cy.visit('https://erp.arbisoft.com/');\ncy.wait(2000);\ncy.get('.MnpxuiGrid-grid-xs-4 > .MuiButtonBase-root').click();\ncy.get('.jss2700')\n    .should('contain', 'Forgot')\n    .should('have.class', 'jss2700')\n    .should('be.visible');\ncy.get('.jss2700').invoke('attr', 'class')\n    .should('equal', 'jss2700');\ncy.get('.jss2700')\n    .should('contain', 'Forgot')\n    .and('have.class', 'jss2700');\n// Explicit assertions\nexpect(true).to.be.true;\nvar name = 'Ihtsham';\nexpect(name).to.be.equal('Ihtsham');\nassert.equal(4, 5, 'Not equal');",
          "err": {
            "message": "AssertionError: Not equal: expected 4 to equal 5",
            "estack": "AssertionError: Not equal: expected 4 to equal 5\n    at Context.eval (webpack:///./cypress/e2e/my_first_test.cy.ts:23:11)",
            "diff": "- 4\n+ 5\n"
          },
          "uuid": "4de8f2ab-0918-43be-87cb-4069f0661712",
          "parentUUID": "23539f96-f6c4-43f9-93c7-a0a74a2a766e",
          "isHook": false,
          "skipped": false
        }
      ],
      "suites": [],
      "passes": [
        "3969916a-17e2-443e-a31b-fa2063c4d9ea"
      ],
      "failures": [
        "4de8f2ab-0918-43be-87cb-4069f0661712"
      ],
      "pending": [],
      "skipped": [],
      "duration": 1617,
      "root": true,
      "rootEmpty": false,
      "_timeout": 2000
    }
  ],
  "meta": {
    "mocha": {
      "version": "7.0.1"
    },
    "mochawesome": {
      "options": {
        "quiet": false,
        "reportFilename": "mochawesome",
        "saveHtml": false,
        "saveJson": true,
        "consoleReporter": "spec",
        "useInlineDiffs": false,
        "code": true
      },
      "version": "7.1.3"
    },
    "marge": {
      "options": {
        "charts": true,
        "overwrite": false,
        "html": false,
        "json": true,
        "reportDir": "cypress/reports"
      },
      "version": "6.2.0"
    }
  }
}